Using pre-set license
Built from '2020.3/staging' branch; Version is '2020.3.0f1 (c7b5465681fb) revision 13088070'; Using compiler version '192528614'; Build Type 'Release'
OS: 'Windows 10 Pro; OS build 19042.985; Version 2009; 64bit' Language: 'ru' Physical Memory: 16357 MB
BatchMode: 1, IsHumanControllingUs: 0, StartBugReporterOnCrash: 0, Is64bit: 1, IsPro: 0

 COMMAND LINE ARGUMENTS:
D:\Games\Unity\2020.3.0f1\Editor\Unity.exe
-adb2
-batchMode
-noUpm
-name
AssetImportWorker0
-projectPath
C:/Users/QuirkyBirdy/Documents/GitHub/ProjectU
-logFile
Logs/AssetImportWorker0.log
-srvPort
51815
Successfully changed project path to: C:/Users/QuirkyBirdy/Documents/GitHub/ProjectU
C:/Users/QuirkyBirdy/Documents/GitHub/ProjectU
Using Asset Import Pipeline V2.
Refreshing native plugins compatible for Editor in 45.00 ms, found 0 plugins.
Preloading 0 native plugins for Editor in 0.00 ms.
Initialize engine version: 2020.3.0f1 (c7b5465681fb)
[Subsystems] Discovering subsystems at path D:/Games/Unity/2020.3.0f1/Editor/Data/Resources/UnitySubsystems
[Subsystems] Discovering subsystems at path C:/Users/QuirkyBirdy/Documents/GitHub/ProjectU/Assets
GfxDevice: creating device client; threaded=0
Direct3D:
    Version:  Direct3D 11.0 [level 11.1]
    Renderer: Radeon RX 570 Series (ID=0x67df)
    Vendor:   
    VRAM:     8171 MB
    Driver:   27.20.15003.5017
Initialize mono
Mono path[0] = 'D:/Games/Unity/2020.3.0f1/Editor/Data/Managed'
Mono path[1] = 'D:/Games/Unity/2020.3.0f1/Editor/Data/MonoBleedingEdge/lib/mono/unityjit'
Mono config path = 'D:/Games/Unity/2020.3.0f1/Editor/Data/MonoBleedingEdge/etc'
Using monoOptions --debugger-agent=transport=dt_socket,embedding=1,server=y,suspend=n,address=127.0.0.1:56864
Begin MonoManager ReloadAssembly
Registering precompiled unity dll's ...
Register platform support module: D:/Games/Unity/2020.3.0f1/Editor/Data/PlaybackEngines/WindowsStandaloneSupport/UnityEditor.WindowsStandalone.Extensions.dll
Registered in 0.001373 seconds.
Native extension for WindowsStandalone target not found
Refreshing native plugins compatible for Editor in 38.67 ms, found 0 plugins.
Preloading 0 native plugins for Editor in 0.00 ms.
Invoked RoslynAnalysisRunner static constructor.
RoslynAnalysisRunner will not be running.
RoslynAnalysisRunner has terminated.
Mono: successfully reloaded assembly
- Completed reload, in  1.198 seconds
Platform modules already initialized, skipping
Registering precompiled user dll's ...
Registered in 0.000920 seconds.
Begin MonoManager ReloadAssembly
Native extension for WindowsStandalone target not found
Refreshing native plugins compatible for Editor in 0.33 ms, found 0 plugins.
Preloading 0 native plugins for Editor in 0.00 ms.
Invoked RoslynAnalysisRunner static constructor.
RoslynAnalysisRunner will not be running.
RoslynAnalysisRunner has terminated.
Mono: successfully reloaded assembly
- Completed reload, in  1.287 seconds
Platform modules already initialized, skipping
========================================================================
Worker process is ready to serve import requests
Launched and connected shader compiler UnityShaderCompiler.exe after 0.12 seconds
Refreshing native plugins compatible for Editor in 0.48 ms, found 0 plugins.
Preloading 0 native plugins for Editor in 0.00 ms.
Unloading 1242 Unused Serialized files (Serialized files now loaded: 0)
System memory in use before: 78.8 MB.
System memory in use after: 78.8 MB.

Unloading 10 unused Assets to reduce memory usage. Loaded Objects now: 1703.
Total: 1.972000 ms (FindLiveObjects: 0.215200 ms CreateObjectMapping: 0.050300 ms MarkObjects: 1.602800 ms  DeleteObjects: 0.101600 ms)

========================================================================
Received Import Request.
  path: Assets/3d models/spaceGate.fbx
  artifactKey: Guid(fac701defc235f9468f1aa722458cfff) Importer(815301076,1909f56bfc062723c751e8b465ee728b)
Start importing Assets/3d models/spaceGate.fbx using Guid(fac701defc235f9468f1aa722458cfff) Importer(815301076,1909f56bfc062723c751e8b465ee728b)  -> (artifact id: '95a325280a02a9fac8bacae314c61255') in 0.519026 seconds
  Import took 0.522389 seconds .

========================================================================
Received Prepare
Registering precompiled user dll's ...
Registered in 0.001585 seconds.
Begin MonoManager ReloadAssembly
Native extension for WindowsStandalone target not found
Refreshing native plugins compatible for Editor in 0.35 ms, found 0 plugins.
Preloading 0 native plugins for Editor in 0.00 ms.
Invoked RoslynAnalysisRunner static constructor.
RoslynAnalysisRunner will not be running.
RoslynAnalysisRunner has terminated.
Mono: successfully reloaded assembly
- Completed reload, in  1.205 seconds
Platform modules already initialized, skipping
Refreshing native plugins compatible for Editor in 0.37 ms, found 0 plugins.
Preloading 0 native plugins for Editor in 0.00 ms.
Unloading 1211 Unused Serialized files (Serialized files now loaded: 0)
System memory in use before: 80.1 MB.
System memory in use after: 80.2 MB.

Unloading 5 unused Assets to reduce memory usage. Loaded Objects now: 1750.
Total: 2.002300 ms (FindLiveObjects: 0.231100 ms CreateObjectMapping: 0.053900 ms MarkObjects: 1.645200 ms  DeleteObjects: 0.070900 ms)

========================================================================
Received Prepare
Registering precompiled user dll's ...
Registered in 0.000929 seconds.
Begin MonoManager ReloadAssembly
Native extension for WindowsStandalone target not found
Refreshing native plugins compatible for Editor in 0.36 ms, found 0 plugins.
Preloading 0 native plugins for Editor in 0.00 ms.
Invoked RoslynAnalysisRunner static constructor.
RoslynAnalysisRunner will not be running.
RoslynAnalysisRunner has terminated.
Mono: successfully reloaded assembly
- Completed reload, in  1.041 seconds
Platform modules already initialized, skipping
Refreshing native plugins compatible for Editor in 0.45 ms, found 0 plugins.
Preloading 0 native plugins for Editor in 0.00 ms.
Unloading 1211 Unused Serialized files (Serialized files now loaded: 0)
System memory in use before: 80.2 MB.
System memory in use after: 80.3 MB.

Unloading 5 unused Assets to reduce memory usage. Loaded Objects now: 1753.
Total: 2.102400 ms (FindLiveObjects: 0.191600 ms CreateObjectMapping: 0.049200 ms MarkObjects: 1.731700 ms  DeleteObjects: 0.127900 ms)

========================================================================
Received Prepare
Registering precompiled user dll's ...
Registered in 0.001468 seconds.
Begin MonoManager ReloadAssembly
Native extension for WindowsStandalone target not found
Refreshing native plugins compatible for Editor in 0.34 ms, found 0 plugins.
Preloading 0 native plugins for Editor in 0.00 ms.
Invoked RoslynAnalysisRunner static constructor.
RoslynAnalysisRunner will not be running.
RoslynAnalysisRunner has terminated.
Mono: successfully reloaded assembly
- Completed reload, in  1.102 seconds
Platform modules already initialized, skipping
Refreshing native plugins compatible for Editor in 0.34 ms, found 0 plugins.
Preloading 0 native plugins for Editor in 0.00 ms.
Unloading 1211 Unused Serialized files (Serialized files now loaded: 0)
System memory in use before: 80.2 MB.
System memory in use after: 80.3 MB.

Unloading 5 unused Assets to reduce memory usage. Loaded Objects now: 1756.
Total: 2.248900 ms (FindLiveObjects: 0.165900 ms CreateObjectMapping: 0.048900 ms MarkObjects: 1.964600 ms  DeleteObjects: 0.068000 ms)

========================================================================
Received Import Request.
  Time since last request: 4292.450300 seconds.
  path: Assets/Scripts/ShipMovement.cs
  artifactKey: Guid(e8b02c0d621ed7944a7ccca6f56c1ff6) Importer(815301076,1909f56bfc062723c751e8b465ee728b)
Start importing Assets/Scripts/ShipMovement.cs using Guid(e8b02c0d621ed7944a7ccca6f56c1ff6) Importer(815301076,1909f56bfc062723c751e8b465ee728b)  -> (artifact id: '998fd57a47c30ba8a4fdb298a3a974f8') in 0.010682 seconds
  Import took 0.014457 seconds .

========================================================================
Received Import Request.
  Time since last request: 0.002658 seconds.
  path: Assets/Scripts/ShipMovement.cs
  artifactKey: Guid(e8b02c0d621ed7944a7ccca6f56c1ff6) Importer(815301076,1909f56bfc062723c751e8b465ee728b)
Start importing Assets/Scripts/ShipMovement.cs using Guid(e8b02c0d621ed7944a7ccca6f56c1ff6) Importer(815301076,1909f56bfc062723c751e8b465ee728b)  -> (artifact id: '998fd57a47c30ba8a4fdb298a3a974f8') in 0.002571 seconds
  Import took 0.006268 seconds .

========================================================================
Received Prepare
Registering precompiled user dll's ...
Registered in 0.000916 seconds.
Begin MonoManager ReloadAssembly
Native extension for WindowsStandalone target not found
Refreshing native plugins compatible for Editor in 0.35 ms, found 0 plugins.
Preloading 0 native plugins for Editor in 0.00 ms.
Invoked RoslynAnalysisRunner static constructor.
RoslynAnalysisRunner will not be running.
RoslynAnalysisRunner has terminated.
Mono: successfully reloaded assembly
- Completed reload, in  1.037 seconds
Platform modules already initialized, skipping
Refreshing native plugins compatible for Editor in 0.35 ms, found 0 plugins.
Preloading 0 native plugins for Editor in 0.00 ms.
Unloading 1211 Unused Serialized files (Serialized files now loaded: 0)
System memory in use before: 80.2 MB.
System memory in use after: 80.3 MB.

Unloading 5 unused Assets to reduce memory usage. Loaded Objects now: 1759.
Total: 2.091600 ms (FindLiveObjects: 0.259300 ms CreateObjectMapping: 0.061700 ms MarkObjects: 1.691400 ms  DeleteObjects: 0.077400 ms)

========================================================================
Received Import Request.
  Time since last request: 98.586965 seconds.
  path: Assets/Scripts/ShipMovement.cs
  artifactKey: Guid(e8b02c0d621ed7944a7ccca6f56c1ff6) Importer(815301076,1909f56bfc062723c751e8b465ee728b)
Start importing Assets/Scripts/ShipMovement.cs using Guid(e8b02c0d621ed7944a7ccca6f56c1ff6) Importer(815301076,1909f56bfc062723c751e8b465ee728b)  -> (artifact id: 'b430934bf616bf3c394ea5c308946417') in 0.006482 seconds
  Import took 0.009465 seconds .

========================================================================
Received Prepare
Registering precompiled user dll's ...
Registered in 0.000919 seconds.
Begin MonoManager ReloadAssembly
Native extension for WindowsStandalone target not found
Refreshing native plugins compatible for Editor in 0.34 ms, found 0 plugins.
Preloading 0 native plugins for Editor in 0.00 ms.
Invoked RoslynAnalysisRunner static constructor.
RoslynAnalysisRunner will not be running.
RoslynAnalysisRunner has terminated.
Mono: successfully reloaded assembly
- Completed reload, in  1.039 seconds
Platform modules already initialized, skipping
Refreshing native plugins compatible for Editor in 0.33 ms, found 0 plugins.
Preloading 0 native plugins for Editor in 0.00 ms.
Unloading 1211 Unused Serialized files (Serialized files now loaded: 0)
System memory in use before: 80.2 MB.
System memory in use after: 80.3 MB.

Unloading 5 unused Assets to reduce memory usage. Loaded Objects now: 1762.
Total: 2.818300 ms (FindLiveObjects: 0.206000 ms CreateObjectMapping: 0.058200 ms MarkObjects: 2.455700 ms  DeleteObjects: 0.096300 ms)

========================================================================
Received Import Request.
  Time since last request: 276.617855 seconds.
  path: Assets/Scripts/ShipMovement.cs
  artifactKey: Guid(e8b02c0d621ed7944a7ccca6f56c1ff6) Importer(815301076,1909f56bfc062723c751e8b465ee728b)
Start importing Assets/Scripts/ShipMovement.cs using Guid(e8b02c0d621ed7944a7ccca6f56c1ff6) Importer(815301076,1909f56bfc062723c751e8b465ee728b)  -> (artifact id: 'a842dd65baed86eca9f2b198b3bbac09') in 0.004848 seconds
  Import took 0.008039 seconds .

========================================================================
Received Prepare
Registering precompiled user dll's ...
Registered in 0.000929 seconds.
Begin MonoManager ReloadAssembly
Native extension for WindowsStandalone target not found
Refreshing native plugins compatible for Editor in 0.33 ms, found 0 plugins.
Preloading 0 native plugins for Editor in 0.00 ms.
Invoked RoslynAnalysisRunner static constructor.
RoslynAnalysisRunner will not be running.
RoslynAnalysisRunner has terminated.
Mono: successfully reloaded assembly
- Completed reload, in  1.040 seconds
Platform modules already initialized, skipping
Refreshing native plugins compatible for Editor in 0.37 ms, found 0 plugins.
Preloading 0 native plugins for Editor in 0.00 ms.
Unloading 1211 Unused Serialized files (Serialized files now loaded: 0)
System memory in use before: 80.2 MB.
System memory in use after: 80.3 MB.

Unloading 5 unused Assets to reduce memory usage. Loaded Objects now: 1765.
Total: 2.041300 ms (FindLiveObjects: 0.200800 ms CreateObjectMapping: 0.064300 ms MarkObjects: 1.691800 ms  DeleteObjects: 0.083100 ms)

========================================================================
Received Import Request.
  Time since last request: 15.763741 seconds.
  path: Assets/Scripts/ShipMovement.cs
  artifactKey: Guid(e8b02c0d621ed7944a7ccca6f56c1ff6) Importer(815301076,1909f56bfc062723c751e8b465ee728b)
Start importing Assets/Scripts/ShipMovement.cs using Guid(e8b02c0d621ed7944a7ccca6f56c1ff6) Importer(815301076,1909f56bfc062723c751e8b465ee728b)  -> (artifact id: 'f89a9b67f098e0458cda5627a0b34013') in 0.004385 seconds
  Import took 0.006608 seconds .

========================================================================
Received Prepare
Registering precompiled user dll's ...
Registered in 0.001479 seconds.
Begin MonoManager ReloadAssembly
Native extension for WindowsStandalone target not found
Refreshing native plugins compatible for Editor in 0.40 ms, found 0 plugins.
Preloading 0 native plugins for Editor in 0.00 ms.
Invoked RoslynAnalysisRunner static constructor.
RoslynAnalysisRunner will not be running.
RoslynAnalysisRunner has terminated.
Mono: successfully reloaded assembly
- Completed reload, in  1.023 seconds
Platform modules already initialized, skipping
Refreshing native plugins compatible for Editor in 0.36 ms, found 0 plugins.
Preloading 0 native plugins for Editor in 0.00 ms.
Unloading 1211 Unused Serialized files (Serialized files now loaded: 0)
System memory in use before: 80.2 MB.
System memory in use after: 80.3 MB.

Unloading 5 unused Assets to reduce memory usage. Loaded Objects now: 1768.
Total: 1.992600 ms (FindLiveObjects: 0.207600 ms CreateObjectMapping: 0.047600 ms MarkObjects: 1.658300 ms  DeleteObjects: 0.077300 ms)

========================================================================
Received Import Request.
  Time since last request: 52.201593 seconds.
  path: Assets/Scripts/ShipMovement.cs
  artifactKey: Guid(e8b02c0d621ed7944a7ccca6f56c1ff6) Importer(815301076,1909f56bfc062723c751e8b465ee728b)
Start importing Assets/Scripts/ShipMovement.cs using Guid(e8b02c0d621ed7944a7ccca6f56c1ff6) Importer(815301076,1909f56bfc062723c751e8b465ee728b)  -> (artifact id: '26f378b6051813101aaeac94ceb758e0') in 0.004585 seconds
  Import took 0.006971 seconds .

========================================================================
Received Prepare
Registering precompiled user dll's ...
Registered in 0.000997 seconds.
Begin MonoManager ReloadAssembly
Native extension for WindowsStandalone target not found
Refreshing native plugins compatible for Editor in 0.37 ms, found 0 plugins.
Preloading 0 native plugins for Editor in 0.00 ms.
Invoked RoslynAnalysisRunner static constructor.
RoslynAnalysisRunner will not be running.
RoslynAnalysisRunner has terminated.
Mono: successfully reloaded assembly
- Completed reload, in  1.291 seconds
Platform modules already initialized, skipping
Refreshing native plugins compatible for Editor in 0.46 ms, found 0 plugins.
Preloading 0 native plugins for Editor in 0.00 ms.
Unloading 1211 Unused Serialized files (Serialized files now loaded: 0)
System memory in use before: 80.2 MB.
System memory in use after: 80.3 MB.

Unloading 5 unused Assets to reduce memory usage. Loaded Objects now: 1771.
Total: 2.717500 ms (FindLiveObjects: 0.349700 ms CreateObjectMapping: 0.064700 ms MarkObjects: 2.215800 ms  DeleteObjects: 0.085500 ms)

========================================================================
Received Prepare
Registering precompiled user dll's ...
Registered in 0.001189 seconds.
Begin MonoManager ReloadAssembly
Native extension for WindowsStandalone target not found
Refreshing native plugins compatible for Editor in 0.34 ms, found 0 plugins.
Preloading 0 native plugins for Editor in 0.00 ms.
Invoked RoslynAnalysisRunner static constructor.
RoslynAnalysisRunner will not be running.
RoslynAnalysisRunner has terminated.
Mono: successfully reloaded assembly
- Completed reload, in  1.031 seconds
Platform modules already initialized, skipping
Refreshing native plugins compatible for Editor in 0.34 ms, found 0 plugins.
Preloading 0 native plugins for Editor in 0.00 ms.
Unloading 1211 Unused Serialized files (Serialized files now loaded: 0)
System memory in use before: 80.2 MB.
System memory in use after: 80.3 MB.

Unloading 5 unused Assets to reduce memory usage. Loaded Objects now: 1774.
Total: 1.927100 ms (FindLiveObjects: 0.157500 ms CreateObjectMapping: 0.050200 ms MarkObjects: 1.632600 ms  DeleteObjects: 0.085100 ms)

========================================================================
Received Import Request.
  Time since last request: 430.721282 seconds.
  path: Assets/Scripts/ShipMovement.cs
  artifactKey: Guid(e8b02c0d621ed7944a7ccca6f56c1ff6) Importer(815301076,1909f56bfc062723c751e8b465ee728b)
Start importing Assets/Scripts/ShipMovement.cs using Guid(e8b02c0d621ed7944a7ccca6f56c1ff6) Importer(815301076,1909f56bfc062723c751e8b465ee728b)  -> (artifact id: '0530b4f6ac7ca52f5a0f9fe69d08180a') in 0.005540 seconds
  Import took 0.008514 seconds .

========================================================================
Received Prepare
Registering precompiled user dll's ...
Registered in 0.000915 seconds.
Begin MonoManager ReloadAssembly
Native extension for WindowsStandalone target not found
Refreshing native plugins compatible for Editor in 0.33 ms, found 0 plugins.
Preloading 0 native plugins for Editor in 0.00 ms.
Invoked RoslynAnalysisRunner static constructor.
RoslynAnalysisRunner will not be running.
RoslynAnalysisRunner has terminated.
Mono: successfully reloaded assembly
- Completed reload, in  1.050 seconds
Platform modules already initialized, skipping
Refreshing native plugins compatible for Editor in 1.17 ms, found 0 plugins.
Preloading 0 native plugins for Editor in 0.00 ms.
Unloading 1211 Unused Serialized files (Serialized files now loaded: 0)
System memory in use before: 80.2 MB.
System memory in use after: 80.3 MB.

Unloading 5 unused Assets to reduce memory usage. Loaded Objects now: 1777.
Total: 1.980500 ms (FindLiveObjects: 0.169500 ms CreateObjectMapping: 0.049500 ms MarkObjects: 1.678800 ms  DeleteObjects: 0.080800 ms)

========================================================================
Received Import Request.
  Time since last request: 41.316462 seconds.
  path: Assets/Scripts/ShipMovement.cs
  artifactKey: Guid(e8b02c0d621ed7944a7ccca6f56c1ff6) Importer(815301076,1909f56bfc062723c751e8b465ee728b)
Start importing Assets/Scripts/ShipMovement.cs using Guid(e8b02c0d621ed7944a7ccca6f56c1ff6) Importer(815301076,1909f56bfc062723c751e8b465ee728b)  -> (artifact id: '357ff90458c3bd45f542eedd9f1009a1') in 0.004817 seconds
  Import took 0.007765 seconds .

========================================================================
Received Prepare
Registering precompiled user dll's ...
Registered in 0.000857 seconds.
Begin MonoManager ReloadAssembly
Native extension for WindowsStandalone target not found
Refreshing native plugins compatible for Editor in 0.64 ms, found 0 plugins.
Preloading 0 native plugins for Editor in 0.00 ms.
Invoked RoslynAnalysisRunner static constructor.
RoslynAnalysisRunner will not be running.
RoslynAnalysisRunner has terminated.
Mono: successfully reloaded assembly
- Completed reload, in  1.245 seconds
Platform modules already initialized, skipping
Refreshing native plugins compatible for Editor in 0.35 ms, found 0 plugins.
Preloading 0 native plugins for Editor in 0.00 ms.
Unloading 1211 Unused Serialized files (Serialized files now loaded: 0)
System memory in use before: 80.3 MB.
System memory in use after: 80.3 MB.

Unloading 5 unused Assets to reduce memory usage. Loaded Objects now: 1780.
Total: 2.281700 ms (FindLiveObjects: 0.270600 ms CreateObjectMapping: 0.051400 ms MarkObjects: 1.887000 ms  DeleteObjects: 0.070500 ms)

========================================================================
Received Prepare
Registering precompiled user dll's ...
Registered in 0.000942 seconds.
Begin MonoManager ReloadAssembly
Native extension for WindowsStandalone target not found
Refreshing native plugins compatible for Editor in 0.36 ms, found 0 plugins.
Preloading 0 native plugins for Editor in 0.00 ms.
Invoked RoslynAnalysisRunner static constructor.
RoslynAnalysisRunner will not be running.
RoslynAnalysisRunner has terminated.
Mono: successfully reloaded assembly
- Completed reload, in  1.271 seconds
Platform modules already initialized, skipping
Refreshing native plugins compatible for Editor in 0.39 ms, found 0 plugins.
Preloading 0 native plugins for Editor in 0.00 ms.
Unloading 1211 Unused Serialized files (Serialized files now loaded: 0)
System memory in use before: 80.3 MB.
System memory in use after: 80.3 MB.

Unloading 5 unused Assets to reduce memory usage. Loaded Objects now: 1783.
Total: 2.122700 ms (FindLiveObjects: 0.237500 ms CreateObjectMapping: 0.060300 ms MarkObjects: 1.754500 ms  DeleteObjects: 0.068900 ms)

========================================================================
Received Prepare
Registering precompiled user dll's ...
Registered in 0.000991 seconds.
Begin MonoManager ReloadAssembly
Native extension for WindowsStandalone target not found
Refreshing native plugins compatible for Editor in 0.34 ms, found 0 plugins.
Preloading 0 native plugins for Editor in 0.00 ms.
Invoked RoslynAnalysisRunner static constructor.
RoslynAnalysisRunner will not be running.
RoslynAnalysisRunner has terminated.
Mono: successfully reloaded assembly
- Completed reload, in  1.215 seconds
Platform modules already initialized, skipping
Refreshing native plugins compatible for Editor in 0.44 ms, found 0 plugins.
Preloading 0 native plugins for Editor in 0.00 ms.
Unloading 1211 Unused Serialized files (Serialized files now loaded: 0)
System memory in use before: 80.3 MB.
System memory in use after: 80.3 MB.

Unloading 5 unused Assets to reduce memory usage. Loaded Objects now: 1786.
Total: 2.528300 ms (FindLiveObjects: 0.284200 ms CreateObjectMapping: 0.068700 ms MarkObjects: 2.075800 ms  DeleteObjects: 0.097600 ms)

========================================================================
Received Prepare
Registering precompiled user dll's ...
Registered in 0.001208 seconds.
Begin MonoManager ReloadAssembly
Native extension for WindowsStandalone target not found
Refreshing native plugins compatible for Editor in 0.46 ms, found 0 plugins.
Preloading 0 native plugins for Editor in 0.00 ms.
Invoked RoslynAnalysisRunner static constructor.
RoslynAnalysisRunner will not be running.
RoslynAnalysisRunner has terminated.
Mono: successfully reloaded assembly
- Completed reload, in  1.275 seconds
Platform modules already initialized, skipping
Refreshing native plugins compatible for Editor in 0.37 ms, found 0 plugins.
Preloading 0 native plugins for Editor in 0.00 ms.
Unloading 1211 Unused Serialized files (Serialized files now loaded: 0)
System memory in use before: 80.2 MB.
System memory in use after: 80.3 MB.

Unloading 5 unused Assets to reduce memory usage. Loaded Objects now: 1789.
Total: 2.637000 ms (FindLiveObjects: 0.262600 ms CreateObjectMapping: 0.064300 ms MarkObjects: 2.210900 ms  DeleteObjects: 0.097300 ms)

========================================================================
Received Prepare
Registering precompiled user dll's ...
Registered in 0.000864 seconds.
Begin MonoManager ReloadAssembly
Native extension for WindowsStandalone target not found
Refreshing native plugins compatible for Editor in 0.38 ms, found 0 plugins.
Preloading 0 native plugins for Editor in 0.00 ms.
Invoked RoslynAnalysisRunner static constructor.
RoslynAnalysisRunner will not be running.
RoslynAnalysisRunner has terminated.
Mono: successfully reloaded assembly
- Completed reload, in  1.240 seconds
Platform modules already initialized, skipping
Refreshing native plugins compatible for Editor in 0.44 ms, found 0 plugins.
Preloading 0 native plugins for Editor in 0.00 ms.
Unloading 1211 Unused Serialized files (Serialized files now loaded: 0)
System memory in use before: 80.2 MB.
System memory in use after: 80.3 MB.

Unloading 5 unused Assets to reduce memory usage. Loaded Objects now: 1792.
Total: 3.073900 ms (FindLiveObjects: 0.350600 ms CreateObjectMapping: 0.083500 ms MarkObjects: 2.559700 ms  DeleteObjects: 0.078100 ms)

========================================================================
Received Import Request.
  Time since last request: 119.296229 seconds.
  path: Assets/Scripts/ShipMovement.cs
  artifactKey: Guid(e8b02c0d621ed7944a7ccca6f56c1ff6) Importer(815301076,1909f56bfc062723c751e8b465ee728b)
Start importing Assets/Scripts/ShipMovement.cs using Guid(e8b02c0d621ed7944a7ccca6f56c1ff6) Importer(815301076,1909f56bfc062723c751e8b465ee728b)  -> (artifact id: 'ff63e8f9f35c0b6011f5a311bd51d5a7') in 0.006643 seconds
  Import took 0.010497 seconds .

========================================================================
Received Import Request.
  Time since last request: 0.002264 seconds.
  path: Assets/Scripts/ShipMovement.cs
  artifactKey: Guid(e8b02c0d621ed7944a7ccca6f56c1ff6) Importer(815301076,1909f56bfc062723c751e8b465ee728b)
Start importing Assets/Scripts/ShipMovement.cs using Guid(e8b02c0d621ed7944a7ccca6f56c1ff6) Importer(815301076,1909f56bfc062723c751e8b465ee728b)  -> (artifact id: 'ff63e8f9f35c0b6011f5a311bd51d5a7') in 0.003742 seconds
  Import took 0.007211 seconds .

========================================================================
Received Prepare
Registering precompiled user dll's ...
Registered in 0.000873 seconds.
Begin MonoManager ReloadAssembly
Native extension for WindowsStandalone target not found
Refreshing native plugins compatible for Editor in 0.35 ms, found 0 plugins.
Preloading 0 native plugins for Editor in 0.00 ms.
Invoked RoslynAnalysisRunner static constructor.
RoslynAnalysisRunner will not be running.
RoslynAnalysisRunner has terminated.
Mono: successfully reloaded assembly
- Completed reload, in  1.034 seconds
Platform modules already initialized, skipping
Refreshing native plugins compatible for Editor in 0.34 ms, found 0 plugins.
Preloading 0 native plugins for Editor in 0.00 ms.
Unloading 1211 Unused Serialized files (Serialized files now loaded: 0)
System memory in use before: 80.2 MB.
System memory in use after: 80.3 MB.

Unloading 5 unused Assets to reduce memory usage. Loaded Objects now: 1795.
Total: 2.056400 ms (FindLiveObjects: 0.212100 ms CreateObjectMapping: 0.055800 ms MarkObjects: 1.719300 ms  DeleteObjects: 0.067700 ms)

========================================================================
Received Import Request.
  Time since last request: 343.385422 seconds.
  path: Assets/Prefabs/Player.prefab
  artifactKey: Guid(178cefd97dcdacb46a33c22cf98d7c44) Importer(815301076,1909f56bfc062723c751e8b465ee728b)
Start importing Assets/Prefabs/Player.prefab using Guid(178cefd97dcdacb46a33c22cf98d7c44) Importer(815301076,1909f56bfc062723c751e8b465ee728b)  -> (artifact id: '352c055457d82ccf4133f77f3cfe69b7') in 0.116893 seconds
  Import took 0.119691 seconds .

========================================================================
Received Import Request.
  Time since last request: 5.916281 seconds.
  path: Assets/Prefabs/asteroid.prefab
  artifactKey: Guid(f55356e5b33f5314bb6d5803a344a62a) Importer(815301076,1909f56bfc062723c751e8b465ee728b)
Start importing Assets/Prefabs/asteroid.prefab using Guid(f55356e5b33f5314bb6d5803a344a62a) Importer(815301076,1909f56bfc062723c751e8b465ee728b)  -> (artifact id: '52eb4d3f15226c99e082b0149d2bbc4b') in 0.021056 seconds
  Import took 0.024523 seconds .

========================================================================
Received Import Request.
  Time since last request: 13.147467 seconds.
  path: Assets/Prefabs/Canvas.prefab
  artifactKey: Guid(9ff421e4a3cb24b49a7b46f6c51c2652) Importer(815301076,1909f56bfc062723c751e8b465ee728b)
Start importing Assets/Prefabs/Canvas.prefab using Guid(9ff421e4a3cb24b49a7b46f6c51c2652) Importer(815301076,1909f56bfc062723c751e8b465ee728b)  -> (artifact id: 'e2270015fe8a5ce12e24a7bcfd2da16d') in 0.053112 seconds
  Import took 0.056367 seconds .

========================================================================
Received Import Request.
  Time since last request: 13.914042 seconds.
  path: Assets/Prefabs/EventSystem.prefab
  artifactKey: Guid(f936507a070f8a74883b51178df0ecb2) Importer(815301076,1909f56bfc062723c751e8b465ee728b)
Start importing Assets/Prefabs/EventSystem.prefab using Guid(f936507a070f8a74883b51178df0ecb2) Importer(815301076,1909f56bfc062723c751e8b465ee728b)  -> (artifact id: 'bc6e3cc94142136bd8a47ce69b5229e3') in 0.008701 seconds
  Import took 0.011581 seconds .

========================================================================
Received Import Request.
  Time since last request: 3.383866 seconds.
  path: Assets/Prefabs/GameManager.prefab
  artifactKey: Guid(d597e955e329b8a4a85060f1ebea6de9) Importer(815301076,1909f56bfc062723c751e8b465ee728b)
Start importing Assets/Prefabs/GameManager.prefab using Guid(d597e955e329b8a4a85060f1ebea6de9) Importer(815301076,1909f56bfc062723c751e8b465ee728b)  -> (artifact id: '194460e5b139183bff29d27ad2648323') in 0.004204 seconds
  Import took 0.006973 seconds .

========================================================================
Received Import Request.
  Time since last request: 30.843765 seconds.
  path: Assets/spaceGate.prefab
  artifactKey: Guid(a83c568691e8a8e4eb53ae3e2907abe9) Importer(815301076,1909f56bfc062723c751e8b465ee728b)
Start importing Assets/spaceGate.prefab using Guid(a83c568691e8a8e4eb53ae3e2907abe9) Importer(815301076,1909f56bfc062723c751e8b465ee728b)  -> (artifact id: '86bfa09b9f6f5cfc5f697a4126fb46d8') in 0.037794 seconds
  Import took 0.040802 seconds .

========================================================================
Received Import Request.
  Time since last request: 10.411832 seconds.
  path: Assets/Prefabs/Main Camera.prefab
  artifactKey: Guid(13419aa0cbf4b504c963f572b39a3e8f) Importer(815301076,1909f56bfc062723c751e8b465ee728b)
Start importing Assets/Prefabs/Main Camera.prefab using Guid(13419aa0cbf4b504c963f572b39a3e8f) Importer(815301076,1909f56bfc062723c751e8b465ee728b)  -> (artifact id: '59ef27926e99741d32bb266c074b7c9d') in 0.130556 seconds
  Import took 0.135032 seconds .

========================================================================
Received Import Request.
  Time since last request: 17.628162 seconds.
  path: Assets/Scenes/SampleScene.unity
  artifactKey: Guid(9fc0d4010bbf28b4594072e72b8655ab) Importer(815301076,1909f56bfc062723c751e8b465ee728b)
Start importing Assets/Scenes/SampleScene.unity using Guid(9fc0d4010bbf28b4594072e72b8655ab) Importer(815301076,1909f56bfc062723c751e8b465ee728b)  -> (artifact id: 'b411a921859dabc9db8caf5f49399388') in 0.003197 seconds
  Import took 0.006688 seconds .

========================================================================
Received Import Request.
  Time since last request: 8.231859 seconds.
  path: Assets/Scenes/level1.unity
  artifactKey: Guid(9fc0d4010bbf28b4594072e72b8655ab) Importer(815301076,1909f56bfc062723c751e8b465ee728b)
Start importing Assets/Scenes/level1.unity using Guid(9fc0d4010bbf28b4594072e72b8655ab) Importer(815301076,1909f56bfc062723c751e8b465ee728b)  -> (artifact id: '0ac082507f530b5ff353fce0d0e07e6b') in 0.006230 seconds
  Import took 0.009079 seconds .

========================================================================
Received Import Request.
  Time since last request: 19.779253 seconds.
  path: Assets/Scenes/MainMenu.unity
  artifactKey: Guid(9a8efd52d0e80c746b4669a8a4ad648f) Importer(815301076,1909f56bfc062723c751e8b465ee728b)
Start importing Assets/Scenes/MainMenu.unity using Guid(9a8efd52d0e80c746b4669a8a4ad648f) Importer(815301076,1909f56bfc062723c751e8b465ee728b)  -> (artifact id: 'c3459309648bee7303e4e37901c139c8') in 0.003329 seconds
  Import took 0.006558 seconds .

========================================================================
Received Import Request.
  Time since last request: 48.164318 seconds.
  path: Assets/Scenes/level2.unity
  artifactKey: Guid(4fab2c355ff55e9438156e784e66e44c) Importer(815301076,1909f56bfc062723c751e8b465ee728b)
Start importing Assets/Scenes/level2.unity using Guid(4fab2c355ff55e9438156e784e66e44c) Importer(815301076,1909f56bfc062723c751e8b465ee728b)  -> (artifact id: '1eedbc47fe24df12637de159551417fa') in 0.003151 seconds
  Import took 0.006142 seconds .

========================================================================
Received Import Request.
  Time since last request: 0.001710 seconds.
  path: Assets/Scenes/level2.unity
  artifactKey: Guid(4fab2c355ff55e9438156e784e66e44c) Importer(815301076,1909f56bfc062723c751e8b465ee728b)
Start importing Assets/Scenes/level2.unity using Guid(4fab2c355ff55e9438156e784e66e44c) Importer(815301076,1909f56bfc062723c751e8b465ee728b)  -> (artifact id: '1eedbc47fe24df12637de159551417fa') in 0.002536 seconds
  Import took 0.004777 seconds .

========================================================================
Received Prepare
Registering precompiled user dll's ...
Registered in 0.000967 seconds.
Begin MonoManager ReloadAssembly
Native extension for WindowsStandalone target not found
Refreshing native plugins compatible for Editor in 0.33 ms, found 0 plugins.
Preloading 0 native plugins for Editor in 0.00 ms.
Invoked RoslynAnalysisRunner static constructor.
RoslynAnalysisRunner will not be running.
RoslynAnalysisRunner has terminated.
Mono: successfully reloaded assembly
- Completed reload, in  1.127 seconds
Platform modules already initialized, skipping
Refreshing native plugins compatible for Editor in 0.75 ms, found 0 plugins.
Preloading 0 native plugins for Editor in 0.00 ms.
Unloading 1211 Unused Serialized files (Serialized files now loaded: 0)
System memory in use before: 80.5 MB.
System memory in use after: 80.6 MB.

Unloading 6 unused Assets to reduce memory usage. Loaded Objects now: 1803.
Total: 1.958000 ms (FindLiveObjects: 0.178600 ms CreateObjectMapping: 0.055900 ms MarkObjects: 1.633000 ms  DeleteObjects: 0.088900 ms)

========================================================================
Received Prepare
Registering precompiled user dll's ...
Registered in 0.000875 seconds.
Begin MonoManager ReloadAssembly
Native extension for WindowsStandalone target not found
Refreshing native plugins compatible for Editor in 0.45 ms, found 0 plugins.
Preloading 0 native plugins for Editor in 0.00 ms.
Invoked RoslynAnalysisRunner static constructor.
RoslynAnalysisRunner will not be running.
RoslynAnalysisRunner has terminated.
Mono: successfully reloaded assembly
- Completed reload, in  0.992 seconds
Platform modules already initialized, skipping
Refreshing native plugins compatible for Editor in 0.33 ms, found 0 plugins.
Preloading 0 native plugins for Editor in 0.00 ms.
Unloading 1211 Unused Serialized files (Serialized files now loaded: 0)
System memory in use before: 80.5 MB.
System memory in use after: 80.6 MB.

Unloading 5 unused Assets to reduce memory usage. Loaded Objects now: 1806.
Total: 2.000500 ms (FindLiveObjects: 0.173600 ms CreateObjectMapping: 0.050200 ms MarkObjects: 1.695100 ms  DeleteObjects: 0.079800 ms)

========================================================================
Received Prepare
Registering precompiled user dll's ...
Registered in 0.001458 seconds.
Begin MonoManager ReloadAssembly
Native extension for WindowsStandalone target not found
Refreshing native plugins compatible for Editor in 0.34 ms, found 0 plugins.
Preloading 0 native plugins for Editor in 0.00 ms.
Invoked RoslynAnalysisRunner static constructor.
RoslynAnalysisRunner will not be running.
RoslynAnalysisRunner has terminated.
Mono: successfully reloaded assembly
- Completed reload, in  1.127 seconds
Platform modules already initialized, skipping
Refreshing native plugins compatible for Editor in 0.78 ms, found 0 plugins.
Preloading 0 native plugins for Editor in 0.00 ms.
Unloading 1211 Unused Serialized files (Serialized files now loaded: 0)
System memory in use before: 80.5 MB.
System memory in use after: 80.6 MB.

Unloading 5 unused Assets to reduce memory usage. Loaded Objects now: 1809.
Total: 2.124500 ms (FindLiveObjects: 0.161300 ms CreateObjectMapping: 0.066600 ms MarkObjects: 1.825900 ms  DeleteObjects: 0.069000 ms)

========================================================================
Received Prepare
Registering precompiled user dll's ...
Registered in 0.000864 seconds.
Begin MonoManager ReloadAssembly
Native extension for WindowsStandalone target not found
Refreshing native plugins compatible for Editor in 0.35 ms, found 0 plugins.
Preloading 0 native plugins for Editor in 0.00 ms.
Invoked RoslynAnalysisRunner static constructor.
RoslynAnalysisRunner will not be running.
RoslynAnalysisRunner has terminated.
Mono: successfully reloaded assembly
- Completed reload, in  1.044 seconds
Platform modules already initialized, skipping
Refreshing native plugins compatible for Editor in 0.56 ms, found 0 plugins.
Preloading 0 native plugins for Editor in 0.00 ms.
Unloading 1211 Unused Serialized files (Serialized files now loaded: 0)
System memory in use before: 80.5 MB.
System memory in use after: 80.6 MB.

Unloading 5 unused Assets to reduce memory usage. Loaded Objects now: 1812.
Total: 2.498600 ms (FindLiveObjects: 0.297800 ms CreateObjectMapping: 0.094800 ms MarkObjects: 2.031800 ms  DeleteObjects: 0.072200 ms)

========================================================================
Received Prepare
Registering precompiled user dll's ...
Registered in 0.001258 seconds.
Begin MonoManager ReloadAssembly
Native extension for WindowsStandalone target not found
Refreshing native plugins compatible for Editor in 0.40 ms, found 0 plugins.
Preloading 0 native plugins for Editor in 0.00 ms.
Invoked RoslynAnalysisRunner static constructor.
RoslynAnalysisRunner will not be running.
RoslynAnalysisRunner has terminated.
Mono: successfully reloaded assembly
- Completed reload, in  0.993 seconds
Platform modules already initialized, skipping
Refreshing native plugins compatible for Editor in 0.34 ms, found 0 plugins.
Preloading 0 native plugins for Editor in 0.00 ms.
Unloading 1211 Unused Serialized files (Serialized files now loaded: 0)
System memory in use before: 80.5 MB.
System memory in use after: 80.6 MB.

Unloading 5 unused Assets to reduce memory usage. Loaded Objects now: 1815.
Total: 2.170300 ms (FindLiveObjects: 0.167200 ms CreateObjectMapping: 0.050300 ms MarkObjects: 1.869600 ms  DeleteObjects: 0.081600 ms)

AssetImportWorkerClient::OnTransportError - code=2 error=End of file
